0 info it worked if it ends with ok
1 verbose cli [ 'C:\\Program Files\\nodejs\\node.exe',
1 verbose cli   'C:\\Program Files\\nodejs\\node_modules\\npm\\bin\\npm-cli.js',
1 verbose cli   'start' ]
2 info using npm@3.10.10
3 info using node@v6.10.3
4 verbose run-script [ 'prestart', 'start', 'poststart' ]
5 info lifecycle ng-app-starterkit@0.0.1~prestart: ng-app-starterkit@0.0.1
6 silly lifecycle ng-app-starterkit@0.0.1~prestart: no script for prestart, continuing
7 info lifecycle ng-app-starterkit@0.0.1~start: ng-app-starterkit@0.0.1
8 verbose lifecycle ng-app-starterkit@0.0.1~start: unsafe-perm in lifecycle true
9 verbose lifecycle ng-app-starterkit@0.0.1~start: PATH: C:\Program Files\nodejs\node_modules\npm\bin\node-gyp-bin;C:\xampp\htdocs\Reminder\node_modules\.bin;C:\Program Files (x86)\Microsoft SDKs\Azure\CLI2\wbin;C:\ProgramData\Oracle\Java\javapath;C:\app\shantan94\product\12.1.0\dbhome_1\bin;C:\Program Files (x86)\Intel\iCLS Client\;C:\Program Files\Intel\iCLS Client\;C:\WINDOWS\system32;C:\WINDOWS;C:\WINDOWS\System32\Wbem;C:\WINDOWS\System32\WindowsPowerShell\v1.0\;C:\Program Files (x86)\Intel\Intel(R) Management Engine Components\DAL;C:\Program Files\Intel\Intel(R) Management Engine Components\DAL;C:\Program Files (x86)\Intel\Intel(R) Management Engine Components\IPT;C:\Program Files\Intel\Intel(R) Management Engine Components\IPT;C:\Program Files (x86)\MySQL\MySQL Utilities 1.3.5\;C:\Program Files\Java\jdk1.7.0_51\bin;C:\instantclient_12_1;C:\Program Files (x86)\Skype\Phone\;C:\Users\shantan\AppData\Local\Programs\Python\Python35\;C:\Users\shantan\AppData\Local\Programs\Python\Python35\Scripts;C:\Program Files\nodejs\;C:\Program Files\Git\cmd;C:\Program Files\IBM\Bluemix\bin;C:\Program Files\Cloud Foundry;C:\hadoop-2.7.1\bin;C:\Program Files (x86)\PuTTY\;C:\Program Files (x86)\Microsoft Visual Studio 14.0\VC\bin;C:\Program Files (x86)\Windows Kits\8.1\Windows Performance Toolkit;C:\Program Files\Intel\WiFi\bin\;C:\Program Files\Common Files\Intel\WirelessCommon\;C:\Users\shantan\AppData\Local\Microsoft\WindowsApps;C:\Users\shantan\AppData\Roaming\npm;C:\Program Files\Heroku\bin;C:\apache-maven-3.5.0\bin;C:\Program Files\Intel\WiFi\bin\;C:\Program Files\Common Files\Intel\WirelessCommon\
10 verbose lifecycle ng-app-starterkit@0.0.1~start: CWD: C:\xampp\htdocs\Reminder
11 silly lifecycle ng-app-starterkit@0.0.1~start: Args: [ '/d /s /c', 'node server.js' ]
12 silly lifecycle ng-app-starterkit@0.0.1~start: Returned: code: 1  signal: null
13 info lifecycle ng-app-starterkit@0.0.1~start: Failed to exec start script
14 verbose stack Error: ng-app-starterkit@0.0.1 start: `node server.js`
14 verbose stack Exit status 1
14 verbose stack     at EventEmitter.<anonymous> (C:\Program Files\nodejs\node_modules\npm\lib\utils\lifecycle.js:255:16)
14 verbose stack     at emitTwo (events.js:106:13)
14 verbose stack     at EventEmitter.emit (events.js:191:7)
14 verbose stack     at ChildProcess.<anonymous> (C:\Program Files\nodejs\node_modules\npm\lib\utils\spawn.js:40:14)
14 verbose stack     at emitTwo (events.js:106:13)
14 verbose stack     at ChildProcess.emit (events.js:191:7)
14 verbose stack     at maybeClose (internal/child_process.js:886:16)
14 verbose stack     at Process.ChildProcess._handle.onexit (internal/child_process.js:226:5)
15 verbose pkgid ng-app-starterkit@0.0.1
16 verbose cwd C:\xampp\htdocs\Reminder
17 error Windows_NT 10.0.16299
18 error argv "C:\\Program Files\\nodejs\\node.exe" "C:\\Program Files\\nodejs\\node_modules\\npm\\bin\\npm-cli.js" "start"
19 error node v6.10.3
20 error npm  v3.10.10
21 error code ELIFECYCLE
22 error ng-app-starterkit@0.0.1 start: `node server.js`
22 error Exit status 1
23 error Failed at the ng-app-starterkit@0.0.1 start script 'node server.js'.
23 error Make sure you have the latest version of node.js and npm installed.
23 error If you do, this is most likely a problem with the ng-app-starterkit package,
23 error not with npm itself.
23 error Tell the author that this fails on your system:
23 error     node server.js
23 error You can get information on how to open an issue for this project with:
23 error     npm bugs ng-app-starterkit
23 error Or if that isn't available, you can get their info via:
23 error     npm owner ls ng-app-starterkit
23 error There is likely additional logging output above.
24 verbose exit [ 1, true ]
